<?xml version="1.0" encoding="UTF-8"?>
<!-- Generated by org.testng.reporters.JUnitReportReporter -->
<testsuite hostname="Subhajit_PC" failures="0" tests="2" name="framework.LoginPageTests" time="17.703" errors="0" timestamp="2022-03-19T20:48:32 IST" skipped="0">
  <testcase classname="framework.LoginPageTests" name="loginApp" time="8.120"/>
  <system-out/>
  <testcase classname="framework.LoginPageTests" name="loginApp" time="9.583"/>
  <system-out/>
</testsuite> <!-- framework.LoginPageTests -->
