<?xml version="1.0" encoding="UTF-8"?>
<!-- Generated by org.testng.reporters.JUnitReportReporter -->
<testsuite hostname="Subhajit_PC" failures="0" tests="2" name="framework.LoginPageTests" time="33.910" errors="0" timestamp="2022-03-19T21:01:11 IST" skipped="0">
  <testcase classname="framework.LoginPageTests" name="loginApp" time="14.495"/>
  <system-out/>
  <testcase classname="framework.LoginPageTests" name="loginApp" time="19.415"/>
  <system-out/>
</testsuite> <!-- framework.LoginPageTests -->
