<?xml version="1.0" encoding="UTF-8"?>
<!-- Generated by org.testng.reporters.JUnitReportReporter -->
<testsuite hostname="Subhajit_PC" failures="0" tests="1" name="framework.HomePageTests" time="6.976" errors="0" timestamp="2022-03-19T21:01:11 IST" skipped="0">
  <testcase classname="framework.HomePageTests" name="addNewCusomter" time="6.976"/>
  <system-out/>
</testsuite> <!-- framework.HomePageTests -->
