<?xml version="1.0" encoding="UTF-8"?>
<!-- Generated by org.testng.reporters.JUnitReportReporter -->
<testsuite hostname="Subhajit_PC" failures="0" tests="2" name="framework.LoginPageTests" time="27.407" errors="0" timestamp="2022-03-18T22:15:42 IST" skipped="0">
  <testcase classname="framework.LoginPageTests" name="loginApp" time="10.863"/>
  <system-out/>
  <testcase classname="framework.LoginPageTests" name="loginApp" time="16.544"/>
  <system-out/>
</testsuite> <!-- framework.LoginPageTests -->
