<?xml version="1.0" encoding="UTF-8"?>
<!-- Generated by org.testng.reporters.JUnitReportReporter -->
<testsuite hostname="Subhajit_PC" failures="0" tests="2" name="framework.LoginPageTests" time="25.596" errors="0" timestamp="2022-03-19T20:21:06 IST" skipped="0">
  <testcase classname="framework.LoginPageTests" name="loginApp" time="12.438"/>
  <system-out/>
  <testcase classname="framework.LoginPageTests" name="loginApp" time="13.158"/>
  <system-out/>
</testsuite> <!-- framework.LoginPageTests -->
