<?xml version="1.0" encoding="UTF-8"?>
<!-- Generated by org.testng.reporters.JUnitReportReporter -->
<testsuite hostname="Subhajit_PC" failures="0" tests="2" name="framework.LoginPageTests" time="20.994" errors="0" timestamp="2022-03-20T22:03:51 IST" skipped="0">
  <testcase classname="framework.LoginPageTests" name="loginApp" time="10.714"/>
  <system-out/>
  <testcase classname="framework.LoginPageTests" name="loginApp" time="10.280"/>
  <system-out/>
</testsuite> <!-- framework.LoginPageTests -->
