<?xml version="1.0" encoding="UTF-8"?>
<!-- Generated by org.testng.reporters.JUnitReportReporter -->
<testsuite hostname="Subhajit_PC" failures="0" tests="1" name="framework.LoginPageTests" time="2.034" errors="0" timestamp="2022-03-21T20:26:27 IST" skipped="0">
  <testcase classname="framework.LoginPageTests" name="loginApp" time="2.034"/>
  <system-out/>
</testsuite> <!-- framework.LoginPageTests -->
