<?xml version="1.0" encoding="UTF-8"?>
<!-- Generated by org.testng.reporters.JUnitReportReporter -->
<testsuite hostname="Subhajit_PC" failures="0" tests="2" name="framework.LoginPageTests" time="21.263" errors="0" timestamp="2022-03-20T21:29:28 IST" skipped="0">
  <testcase classname="framework.LoginPageTests" name="loginApp" time="12.119"/>
  <system-out/>
  <testcase classname="framework.LoginPageTests" name="loginApp" time="9.144"/>
  <system-out/>
</testsuite> <!-- framework.LoginPageTests -->
